::1 - - [29/Sep/2021:02:33:54 +0000] "GET /? HTTP/1.1" 200 2294 "http://localhost:3000/?" "Mozilla/5.0 (Linux; Android 6.0; Nexus 5 Build/MRA58N) AppleWebKit/537.36 (KHTML, like Gecko) Chrome/94.0.4606.61 Mobile Safari/537.36"
::1 - - [29/Sep/2021:02:33:54 +0000] "GET /static/css/2.e0a5418f.chunk.css HTTP/1.1" 200 23968 "http://localhost:3000/?" "Mozilla/5.0 (Linux; Android 6.0; Nexus 5 Build/MRA58N) AppleWebKit/537.36 (KHTML, like Gecko) Chrome/94.0.4606.61 Mobile Safari/537.36"
::1 - - [29/Sep/2021:02:33:54 +0000] "GET /static/css/main.facf3459.chunk.css HTTP/1.1" 200 3425 "http://localhost:3000/?" "Mozilla/5.0 (Linux; Android 6.0; Nexus 5 Build/MRA58N) AppleWebKit/537.36 (KHTML, like Gecko) Chrome/94.0.4606.61 Mobile Safari/537.36"
::1 - - [29/Sep/2021:02:33:54 +0000] "GET /static/js/main.86f73d8d.chunk.js HTTP/1.1" 200 3085 "http://localhost:3000/?" "Mozilla/5.0 (Linux; Android 6.0; Nexus 5 Build/MRA58N) AppleWebKit/537.36 (KHTML, like Gecko) Chrome/94.0.4606.61 Mobile Safari/537.36"
::1 - - [29/Sep/2021:02:33:54 +0000] "GET /static/js/2.7afb037f.chunk.js HTTP/1.1" 200 441694 "http://localhost:3000/?" "Mozilla/5.0 (Linux; Android 6.0; Nexus 5 Build/MRA58N) AppleWebKit/537.36 (KHTML, like Gecko) Chrome/94.0.4606.61 Mobile Safari/537.36"
::1 - - [29/Sep/2021:02:33:54 +0000] "GET /static/css/2.e0a5418f.chunk.css.map HTTP/1.1" 200 32588 "-" "Mozilla/5.0 (Windows NT 10.0; Win64; x64) AppleWebKit/537.36 (KHTML, like Gecko) Chrome/94.0.4606.61 Safari/537.36"
::1 - - [29/Sep/2021:02:33:54 +0000] "GET /static/css/main.facf3459.chunk.css.map HTTP/1.1" 200 11568 "-" "Mozilla/5.0 (Windows NT 10.0; Win64; x64) AppleWebKit/537.36 (KHTML, like Gecko) Chrome/94.0.4606.61 Safari/537.36"
::1 - - [29/Sep/2021:02:33:54 +0000] "GET /static/js/main.86f73d8d.chunk.js.map HTTP/1.1" 200 8696 "-" "Mozilla/5.0 (Windows NT 10.0; Win64; x64) AppleWebKit/537.36 (KHTML, like Gecko) Chrome/94.0.4606.61 Safari/537.36"
::1 - - [29/Sep/2021:02:33:54 +0000] "GET /static/js/2.7afb037f.chunk.js.map HTTP/1.1" 200 1588008 "-" "Mozilla/5.0 (Windows NT 10.0; Win64; x64) AppleWebKit/537.36 (KHTML, like Gecko) Chrome/94.0.4606.61 Safari/537.36"
::1 - - [29/Sep/2021:02:33:54 +0000] "GET /manifest.json HTTP/1.1" 304 - "http://localhost:3000/?" "Mozilla/5.0 (Linux; Android 6.0; Nexus 5 Build/MRA58N) AppleWebKit/537.36 (KHTML, like Gecko) Chrome/94.0.4606.61 Mobile Safari/537.36"
::1 - - [29/Sep/2021:02:33:54 +0000] "GET /favicon.ico HTTP/1.1" 200 3870 "http://localhost:3000/?" "Mozilla/5.0 (Linux; Android 6.0; Nexus 5 Build/MRA58N) AppleWebKit/537.36 (KHTML, like Gecko) Chrome/94.0.4606.61 Mobile Safari/537.36"
::1 - - [29/Sep/2021:02:33:54 +0000] "GET /logo192.png HTTP/1.1" 304 - "http://localhost:3000/?" "Mozilla/5.0 (Linux; Android 6.0; Nexus 5 Build/MRA58N) AppleWebKit/537.36 (KHTML, like Gecko) Chrome/94.0.4606.61 Mobile Safari/537.36"
::1 - - [29/Sep/2021:02:38:32 +0000] "GET /? HTTP/1.1" 304 - "http://localhost:3000/?" "Mozilla/5.0 (Windows NT 10.0; Win64; x64) AppleWebKit/537.36 (KHTML, like Gecko) Chrome/94.0.4606.61 Safari/537.36"
::1 - - [29/Sep/2021:02:38:32 +0000] "GET /static/css/2.e0a5418f.chunk.css HTTP/1.1" 304 - "http://localhost:3000/?" "Mozilla/5.0 (Windows NT 10.0; Win64; x64) AppleWebKit/537.36 (KHTML, like Gecko) Chrome/94.0.4606.61 Safari/537.36"
::1 - - [29/Sep/2021:02:38:32 +0000] "GET /static/js/2.7afb037f.chunk.js HTTP/1.1" 304 - "http://localhost:3000/?" "Mozilla/5.0 (Windows NT 10.0; Win64; x64) AppleWebKit/537.36 (KHTML, like Gecko) Chrome/94.0.4606.61 Safari/537.36"
::1 - - [29/Sep/2021:02:38:32 +0000] "GET /static/css/main.facf3459.chunk.css HTTP/1.1" 304 - "http://localhost:3000/?" "Mozilla/5.0 (Windows NT 10.0; Win64; x64) AppleWebKit/537.36 (KHTML, like Gecko) Chrome/94.0.4606.61 Safari/537.36"
::1 - - [29/Sep/2021:02:38:32 +0000] "GET /static/js/main.86f73d8d.chunk.js HTTP/1.1" 304 - "http://localhost:3000/?" "Mozilla/5.0 (Windows NT 10.0; Win64; x64) AppleWebKit/537.36 (KHTML, like Gecko) Chrome/94.0.4606.61 Safari/537.36"
::1 - - [29/Sep/2021:02:38:32 +0000] "GET /manifest.json HTTP/1.1" 304 - "http://localhost:3000/?" "Mozilla/5.0 (Windows NT 10.0; Win64; x64) AppleWebKit/537.36 (KHTML, like Gecko) Chrome/94.0.4606.61 Safari/537.36"
::1 - - [29/Sep/2021:02:38:32 +0000] "GET /favicon.ico HTTP/1.1" 200 3870 "http://localhost:3000/?" "Mozilla/5.0 (Windows NT 10.0; Win64; x64) AppleWebKit/537.36 (KHTML, like Gecko) Chrome/94.0.4606.61 Safari/537.36"
::1 - - [29/Sep/2021:02:38:32 +0000] "GET /logo192.png HTTP/1.1" 304 - "http://localhost:3000/?" "Mozilla/5.0 (Windows NT 10.0; Win64; x64) AppleWebKit/537.36 (KHTML, like Gecko) Chrome/94.0.4606.61 Safari/537.36"
::1 - - [29/Sep/2021:02:38:54 +0000] "GET /? HTTP/1.1" 304 - "http://localhost:3000/?" "Mozilla/5.0 (Windows NT 10.0; Win64; x64) AppleWebKit/537.36 (KHTML, like Gecko) Chrome/94.0.4606.61 Safari/537.36"
::1 - - [29/Sep/2021:02:38:54 +0000] "GET /static/css/2.e0a5418f.chunk.css HTTP/1.1" 304 - "http://localhost:3000/?" "Mozilla/5.0 (Windows NT 10.0; Win64; x64) AppleWebKit/537.36 (KHTML, like Gecko) Chrome/94.0.4606.61 Safari/537.36"
::1 - - [29/Sep/2021:02:38:54 +0000] "GET /static/css/main.facf3459.chunk.css HTTP/1.1" 304 - "http://localhost:3000/?" "Mozilla/5.0 (Windows NT 10.0; Win64; x64) AppleWebKit/537.36 (KHTML, like Gecko) Chrome/94.0.4606.61 Safari/537.36"
::1 - - [29/Sep/2021:02:38:54 +0000] "GET /static/js/2.7afb037f.chunk.js HTTP/1.1" 304 - "http://localhost:3000/?" "Mozilla/5.0 (Windows NT 10.0; Win64; x64) AppleWebKit/537.36 (KHTML, like Gecko) Chrome/94.0.4606.61 Safari/537.36"
::1 - - [29/Sep/2021:02:38:54 +0000] "GET /static/js/main.86f73d8d.chunk.js HTTP/1.1" 304 - "http://localhost:3000/?" "Mozilla/5.0 (Windows NT 10.0; Win64; x64) AppleWebKit/537.36 (KHTML, like Gecko) Chrome/94.0.4606.61 Safari/537.36"
::1 - - [29/Sep/2021:02:38:54 +0000] "GET /favicon.ico HTTP/1.1" 200 3870 "http://localhost:3000/?" "Mozilla/5.0 (Windows NT 10.0; Win64; x64) AppleWebKit/537.36 (KHTML, like Gecko) Chrome/94.0.4606.61 Safari/537.36"
::1 - - [29/Sep/2021:02:38:54 +0000] "GET /manifest.json HTTP/1.1" 304 - "http://localhost:3000/?" "Mozilla/5.0 (Windows NT 10.0; Win64; x64) AppleWebKit/537.36 (KHTML, like Gecko) Chrome/94.0.4606.61 Safari/537.36"
::1 - - [29/Sep/2021:02:38:54 +0000] "GET /logo192.png HTTP/1.1" 304 - "http://localhost:3000/?" "Mozilla/5.0 (Windows NT 10.0; Win64; x64) AppleWebKit/537.36 (KHTML, like Gecko) Chrome/94.0.4606.61 Safari/537.36"
::1 - - [29/Sep/2021:02:49:39 +0000] "GET /? HTTP/1.1" 304 - "http://localhost:3000/?" "Mozilla/5.0 (Windows NT 10.0; Win64; x64) AppleWebKit/537.36 (KHTML, like Gecko) Chrome/94.0.4606.61 Safari/537.36"
::1 - - [29/Sep/2021:02:49:39 +0000] "GET /static/css/2.e0a5418f.chunk.css HTTP/1.1" 304 - "http://localhost:3000/?" "Mozilla/5.0 (Windows NT 10.0; Win64; x64) AppleWebKit/537.36 (KHTML, like Gecko) Chrome/94.0.4606.61 Safari/537.36"
::1 - - [29/Sep/2021:02:49:39 +0000] "GET /static/css/main.facf3459.chunk.css HTTP/1.1" 304 - "http://localhost:3000/?" "Mozilla/5.0 (Windows NT 10.0; Win64; x64) AppleWebKit/537.36 (KHTML, like Gecko) Chrome/94.0.4606.61 Safari/537.36"
::1 - - [29/Sep/2021:02:49:39 +0000] "GET /static/js/2.7afb037f.chunk.js HTTP/1.1" 304 - "http://localhost:3000/?" "Mozilla/5.0 (Windows NT 10.0; Win64; x64) AppleWebKit/537.36 (KHTML, like Gecko) Chrome/94.0.4606.61 Safari/537.36"
::1 - - [29/Sep/2021:02:49:39 +0000] "GET /static/js/main.86f73d8d.chunk.js HTTP/1.1" 304 - "http://localhost:3000/?" "Mozilla/5.0 (Windows NT 10.0; Win64; x64) AppleWebKit/537.36 (KHTML, like Gecko) Chrome/94.0.4606.61 Safari/537.36"
::1 - - [29/Sep/2021:02:49:39 +0000] "GET /manifest.json HTTP/1.1" 304 - "http://localhost:3000/?" "Mozilla/5.0 (Windows NT 10.0; Win64; x64) AppleWebKit/537.36 (KHTML, like Gecko) Chrome/94.0.4606.61 Safari/537.36"
::1 - - [29/Sep/2021:02:49:39 +0000] "GET /favicon.ico HTTP/1.1" 200 3870 "http://localhost:3000/?" "Mozilla/5.0 (Windows NT 10.0; Win64; x64) AppleWebKit/537.36 (KHTML, like Gecko) Chrome/94.0.4606.61 Safari/537.36"
::1 - - [29/Sep/2021:02:49:39 +0000] "GET /logo192.png HTTP/1.1" 304 - "http://localhost:3000/?" "Mozilla/5.0 (Windows NT 10.0; Win64; x64) AppleWebKit/537.36 (KHTML, like Gecko) Chrome/94.0.4606.61 Safari/537.36"
::1 - - [29/Sep/2021:02:49:53 +0000] "GET /? HTTP/1.1" 304 - "http://localhost:3000/?" "Mozilla/5.0 (Windows NT 10.0; Win64; x64) AppleWebKit/537.36 (KHTML, like Gecko) Chrome/94.0.4606.61 Safari/537.36"
::1 - - [29/Sep/2021:02:49:53 +0000] "GET /static/css/2.e0a5418f.chunk.css HTTP/1.1" 304 - "http://localhost:3000/?" "Mozilla/5.0 (Windows NT 10.0; Win64; x64) AppleWebKit/537.36 (KHTML, like Gecko) Chrome/94.0.4606.61 Safari/537.36"
::1 - - [29/Sep/2021:02:49:53 +0000] "GET /static/css/main.facf3459.chunk.css HTTP/1.1" 304 - "http://localhost:3000/?" "Mozilla/5.0 (Windows NT 10.0; Win64; x64) AppleWebKit/537.36 (KHTML, like Gecko) Chrome/94.0.4606.61 Safari/537.36"
::1 - - [29/Sep/2021:02:49:53 +0000] "GET /static/js/main.86f73d8d.chunk.js HTTP/1.1" 304 - "http://localhost:3000/?" "Mozilla/5.0 (Windows NT 10.0; Win64; x64) AppleWebKit/537.36 (KHTML, like Gecko) Chrome/94.0.4606.61 Safari/537.36"
::1 - - [29/Sep/2021:02:49:53 +0000] "GET /static/js/2.7afb037f.chunk.js HTTP/1.1" 304 - "http://localhost:3000/?" "Mozilla/5.0 (Windows NT 10.0; Win64; x64) AppleWebKit/537.36 (KHTML, like Gecko) Chrome/94.0.4606.61 Safari/537.36"
::1 - - [29/Sep/2021:02:49:53 +0000] "GET /manifest.json HTTP/1.1" 304 - "http://localhost:3000/?" "Mozilla/5.0 (Windows NT 10.0; Win64; x64) AppleWebKit/537.36 (KHTML, like Gecko) Chrome/94.0.4606.61 Safari/537.36"
::1 - - [29/Sep/2021:02:49:53 +0000] "GET /favicon.ico HTTP/1.1" 200 3870 "http://localhost:3000/?" "Mozilla/5.0 (Windows NT 10.0; Win64; x64) AppleWebKit/537.36 (KHTML, like Gecko) Chrome/94.0.4606.61 Safari/537.36"
::1 - - [29/Sep/2021:02:49:53 +0000] "GET /logo192.png HTTP/1.1" 304 - "http://localhost:3000/?" "Mozilla/5.0 (Windows NT 10.0; Win64; x64) AppleWebKit/537.36 (KHTML, like Gecko) Chrome/94.0.4606.61 Safari/537.36"
::1 - - [29/Sep/2021:03:43:16 +0000] "GET /static/css/2.e0a5418f.chunk.css HTTP/1.1" 304 - "http://localhost:3000/?" "Mozilla/5.0 (Windows NT 10.0; Win64; x64) AppleWebKit/537.36 (KHTML, like Gecko) Chrome/94.0.4606.61 Safari/537.36"
::1 - - [29/Sep/2021:03:43:16 +0000] "GET /static/css/main.facf3459.chunk.css HTTP/1.1" 304 - "http://localhost:3000/?" "Mozilla/5.0 (Windows NT 10.0; Win64; x64) AppleWebKit/537.36 (KHTML, like Gecko) Chrome/94.0.4606.61 Safari/537.36"
::1 - - [29/Sep/2021:03:43:16 +0000] "GET /manifest.json HTTP/1.1" 304 - "http://localhost:3000/?" "Mozilla/5.0 (Windows NT 10.0; Win64; x64) AppleWebKit/537.36 (KHTML, like Gecko) Chrome/94.0.4606.61 Safari/537.36"
::1 - - [29/Sep/2021:03:43:16 +0000] "GET /static/js/main.86f73d8d.chunk.js.map HTTP/1.1" 200 8696 "-" "Mozilla/5.0 (Windows NT 10.0; Win64; x64) AppleWebKit/537.36 (KHTML, like Gecko) Chrome/94.0.4606.61 Safari/537.36"
::1 - - [29/Sep/2021:03:43:16 +0000] "GET /static/css/2.e0a5418f.chunk.css.map HTTP/1.1" 200 32588 "-" "Mozilla/5.0 (Windows NT 10.0; Win64; x64) AppleWebKit/537.36 (KHTML, like Gecko) Chrome/94.0.4606.61 Safari/537.36"
::1 - - [29/Sep/2021:03:43:16 +0000] "GET /static/css/main.facf3459.chunk.css.map HTTP/1.1" 200 11568 "-" "Mozilla/5.0 (Windows NT 10.0; Win64; x64) AppleWebKit/537.36 (KHTML, like Gecko) Chrome/94.0.4606.61 Safari/537.36"
::1 - - [29/Sep/2021:03:43:16 +0000] "GET /static/js/2.7afb037f.chunk.js.map HTTP/1.1" 200 1588008 "-" "Mozilla/5.0 (Windows NT 10.0; Win64; x64) AppleWebKit/537.36 (KHTML, like Gecko) Chrome/94.0.4606.61 Safari/537.36"
::1 - - [29/Sep/2021:03:45:26 +0000] "GET /? HTTP/1.1" 304 - "http://localhost:3000/?" "Mozilla/5.0 (Windows NT 10.0; Win64; x64) AppleWebKit/537.36 (KHTML, like Gecko) Chrome/94.0.4606.61 Safari/537.36"
::1 - - [29/Sep/2021:03:45:26 +0000] "GET /static/css/2.e0a5418f.chunk.css HTTP/1.1" 304 - "http://localhost:3000/?" "Mozilla/5.0 (Windows NT 10.0; Win64; x64) AppleWebKit/537.36 (KHTML, like Gecko) Chrome/94.0.4606.61 Safari/537.36"
::1 - - [29/Sep/2021:03:45:26 +0000] "GET /static/css/main.facf3459.chunk.css HTTP/1.1" 304 - "http://localhost:3000/?" "Mozilla/5.0 (Windows NT 10.0; Win64; x64) AppleWebKit/537.36 (KHTML, like Gecko) Chrome/94.0.4606.61 Safari/537.36"
::1 - - [29/Sep/2021:03:45:26 +0000] "GET /static/js/2.7afb037f.chunk.js HTTP/1.1" 304 - "http://localhost:3000/?" "Mozilla/5.0 (Windows NT 10.0; Win64; x64) AppleWebKit/537.36 (KHTML, like Gecko) Chrome/94.0.4606.61 Safari/537.36"
::1 - - [29/Sep/2021:03:45:26 +0000] "GET /static/js/main.86f73d8d.chunk.js HTTP/1.1" 304 - "http://localhost:3000/?" "Mozilla/5.0 (Windows NT 10.0; Win64; x64) AppleWebKit/537.36 (KHTML, like Gecko) Chrome/94.0.4606.61 Safari/537.36"
::1 - - [29/Sep/2021:03:45:26 +0000] "GET /manifest.json HTTP/1.1" 304 - "http://localhost:3000/?" "Mozilla/5.0 (Windows NT 10.0; Win64; x64) AppleWebKit/537.36 (KHTML, like Gecko) Chrome/94.0.4606.61 Safari/537.36"
::1 - - [29/Sep/2021:03:45:26 +0000] "GET /favicon.ico HTTP/1.1" 200 3870 "http://localhost:3000/?" "Mozilla/5.0 (Windows NT 10.0; Win64; x64) AppleWebKit/537.36 (KHTML, like Gecko) Chrome/94.0.4606.61 Safari/537.36"
::1 - - [29/Sep/2021:03:45:26 +0000] "GET /logo192.png HTTP/1.1" 304 - "http://localhost:3000/?" "Mozilla/5.0 (Windows NT 10.0; Win64; x64) AppleWebKit/537.36 (KHTML, like Gecko) Chrome/94.0.4606.61 Safari/537.36"
::1 - - [29/Sep/2021:03:45:57 +0000] "GET /? HTTP/1.1" 304 - "http://localhost:3000/?" "Mozilla/5.0 (Windows NT 10.0; Win64; x64) AppleWebKit/537.36 (KHTML, like Gecko) Chrome/94.0.4606.61 Safari/537.36"
::1 - - [29/Sep/2021:03:45:58 +0000] "GET /static/css/2.e0a5418f.chunk.css HTTP/1.1" 304 - "http://localhost:3000/?" "Mozilla/5.0 (Windows NT 10.0; Win64; x64) AppleWebKit/537.36 (KHTML, like Gecko) Chrome/94.0.4606.61 Safari/537.36"
::1 - - [29/Sep/2021:03:45:58 +0000] "GET /static/css/main.facf3459.chunk.css HTTP/1.1" 304 - "http://localhost:3000/?" "Mozilla/5.0 (Windows NT 10.0; Win64; x64) AppleWebKit/537.36 (KHTML, like Gecko) Chrome/94.0.4606.61 Safari/537.36"
::1 - - [29/Sep/2021:03:45:58 +0000] "GET /static/js/2.7afb037f.chunk.js HTTP/1.1" 304 - "http://localhost:3000/?" "Mozilla/5.0 (Windows NT 10.0; Win64; x64) AppleWebKit/537.36 (KHTML, like Gecko) Chrome/94.0.4606.61 Safari/537.36"
::1 - - [29/Sep/2021:03:45:58 +0000] "GET /static/js/main.86f73d8d.chunk.js HTTP/1.1" 304 - "http://localhost:3000/?" "Mozilla/5.0 (Windows NT 10.0; Win64; x64) AppleWebKit/537.36 (KHTML, like Gecko) Chrome/94.0.4606.61 Safari/537.36"
::1 - - [29/Sep/2021:03:45:58 +0000] "GET /manifest.json HTTP/1.1" 304 - "http://localhost:3000/?" "Mozilla/5.0 (Windows NT 10.0; Win64; x64) AppleWebKit/537.36 (KHTML, like Gecko) Chrome/94.0.4606.61 Safari/537.36"
::1 - - [29/Sep/2021:03:45:58 +0000] "GET /favicon.ico HTTP/1.1" 200 3870 "http://localhost:3000/?" "Mozilla/5.0 (Windows NT 10.0; Win64; x64) AppleWebKit/537.36 (KHTML, like Gecko) Chrome/94.0.4606.61 Safari/537.36"
::1 - - [29/Sep/2021:03:45:58 +0000] "GET /logo192.png HTTP/1.1" 304 - "http://localhost:3000/?" "Mozilla/5.0 (Windows NT 10.0; Win64; x64) AppleWebKit/537.36 (KHTML, like Gecko) Chrome/94.0.4606.61 Safari/537.36"
::1 - - [29/Sep/2021:03:46:20 +0000] "GET /? HTTP/1.1" 304 - "http://localhost:3000/?" "Mozilla/5.0 (Windows NT 10.0; Win64; x64) AppleWebKit/537.36 (KHTML, like Gecko) Chrome/94.0.4606.61 Safari/537.36"
::1 - - [29/Sep/2021:03:46:20 +0000] "GET /static/css/2.e0a5418f.chunk.css HTTP/1.1" 304 - "http://localhost:3000/?" "Mozilla/5.0 (Windows NT 10.0; Win64; x64) AppleWebKit/537.36 (KHTML, like Gecko) Chrome/94.0.4606.61 Safari/537.36"
::1 - - [29/Sep/2021:03:46:20 +0000] "GET /static/css/main.facf3459.chunk.css HTTP/1.1" 304 - "http://localhost:3000/?" "Mozilla/5.0 (Windows NT 10.0; Win64; x64) AppleWebKit/537.36 (KHTML, like Gecko) Chrome/94.0.4606.61 Safari/537.36"
::1 - - [29/Sep/2021:03:46:20 +0000] "GET /static/js/2.7afb037f.chunk.js HTTP/1.1" 304 - "http://localhost:3000/?" "Mozilla/5.0 (Windows NT 10.0; Win64; x64) AppleWebKit/537.36 (KHTML, like Gecko) Chrome/94.0.4606.61 Safari/537.36"
::1 - - [29/Sep/2021:03:46:20 +0000] "GET /static/js/main.86f73d8d.chunk.js HTTP/1.1" 304 - "http://localhost:3000/?" "Mozilla/5.0 (Windows NT 10.0; Win64; x64) AppleWebKit/537.36 (KHTML, like Gecko) Chrome/94.0.4606.61 Safari/537.36"
::1 - - [29/Sep/2021:03:46:20 +0000] "GET /manifest.json HTTP/1.1" 304 - "http://localhost:3000/?" "Mozilla/5.0 (Windows NT 10.0; Win64; x64) AppleWebKit/537.36 (KHTML, like Gecko) Chrome/94.0.4606.61 Safari/537.36"
::1 - - [29/Sep/2021:03:46:20 +0000] "GET /favicon.ico HTTP/1.1" 200 3870 "http://localhost:3000/?" "Mozilla/5.0 (Windows NT 10.0; Win64; x64) AppleWebKit/537.36 (KHTML, like Gecko) Chrome/94.0.4606.61 Safari/537.36"
::1 - - [29/Sep/2021:03:46:20 +0000] "GET /logo192.png HTTP/1.1" 304 - "http://localhost:3000/?" "Mozilla/5.0 (Windows NT 10.0; Win64; x64) AppleWebKit/537.36 (KHTML, like Gecko) Chrome/94.0.4606.61 Safari/537.36"
::1 - - [29/Sep/2021:03:46:47 +0000] "GET /? HTTP/1.1" 304 - "http://localhost:3000/?" "Mozilla/5.0 (Windows NT 10.0; Win64; x64) AppleWebKit/537.36 (KHTML, like Gecko) Chrome/94.0.4606.61 Safari/537.36"
::1 - - [29/Sep/2021:03:46:47 +0000] "GET /static/css/2.e0a5418f.chunk.css HTTP/1.1" 304 - "http://localhost:3000/?" "Mozilla/5.0 (Windows NT 10.0; Win64; x64) AppleWebKit/537.36 (KHTML, like Gecko) Chrome/94.0.4606.61 Safari/537.36"
::1 - - [29/Sep/2021:03:46:47 +0000] "GET /static/css/main.facf3459.chunk.css HTTP/1.1" 304 - "http://localhost:3000/?" "Mozilla/5.0 (Windows NT 10.0; Win64; x64) AppleWebKit/537.36 (KHTML, like Gecko) Chrome/94.0.4606.61 Safari/537.36"
::1 - - [29/Sep/2021:03:46:47 +0000] "GET /static/js/2.7afb037f.chunk.js HTTP/1.1" 304 - "http://localhost:3000/?" "Mozilla/5.0 (Windows NT 10.0; Win64; x64) AppleWebKit/537.36 (KHTML, like Gecko) Chrome/94.0.4606.61 Safari/537.36"
::1 - - [29/Sep/2021:03:46:47 +0000] "GET /static/js/main.86f73d8d.chunk.js HTTP/1.1" 304 - "http://localhost:3000/?" "Mozilla/5.0 (Windows NT 10.0; Win64; x64) AppleWebKit/537.36 (KHTML, like Gecko) Chrome/94.0.4606.61 Safari/537.36"
::1 - - [29/Sep/2021:03:46:47 +0000] "GET /manifest.json HTTP/1.1" 304 - "http://localhost:3000/?" "Mozilla/5.0 (Windows NT 10.0; Win64; x64) AppleWebKit/537.36 (KHTML, like Gecko) Chrome/94.0.4606.61 Safari/537.36"
::1 - - [29/Sep/2021:03:46:47 +0000] "GET /favicon.ico HTTP/1.1" 200 3870 "http://localhost:3000/?" "Mozilla/5.0 (Windows NT 10.0; Win64; x64) AppleWebKit/537.36 (KHTML, like Gecko) Chrome/94.0.4606.61 Safari/537.36"
::1 - - [29/Sep/2021:03:46:47 +0000] "GET /logo192.png HTTP/1.1" 304 - "http://localhost:3000/?" "Mozilla/5.0 (Windows NT 10.0; Win64; x64) AppleWebKit/537.36 (KHTML, like Gecko) Chrome/94.0.4606.61 Safari/537.36"
::1 - - [29/Sep/2021:03:47:03 +0000] "GET /? HTTP/1.1" 304 - "http://localhost:3000/?" "Mozilla/5.0 (Windows NT 10.0; Win64; x64) AppleWebKit/537.36 (KHTML, like Gecko) Chrome/94.0.4606.61 Safari/537.36"
::1 - - [29/Sep/2021:03:47:03 +0000] "GET /static/css/2.e0a5418f.chunk.css HTTP/1.1" 304 - "http://localhost:3000/?" "Mozilla/5.0 (Windows NT 10.0; Win64; x64) AppleWebKit/537.36 (KHTML, like Gecko) Chrome/94.0.4606.61 Safari/537.36"
::1 - - [29/Sep/2021:03:47:03 +0000] "GET /static/css/main.facf3459.chunk.css HTTP/1.1" 304 - "http://localhost:3000/?" "Mozilla/5.0 (Windows NT 10.0; Win64; x64) AppleWebKit/537.36 (KHTML, like Gecko) Chrome/94.0.4606.61 Safari/537.36"
::1 - - [29/Sep/2021:03:47:03 +0000] "GET /static/js/2.7afb037f.chunk.js HTTP/1.1" 304 - "http://localhost:3000/?" "Mozilla/5.0 (Windows NT 10.0; Win64; x64) AppleWebKit/537.36 (KHTML, like Gecko) Chrome/94.0.4606.61 Safari/537.36"
::1 - - [29/Sep/2021:03:47:03 +0000] "GET /static/js/main.86f73d8d.chunk.js HTTP/1.1" 304 - "http://localhost:3000/?" "Mozilla/5.0 (Windows NT 10.0; Win64; x64) AppleWebKit/537.36 (KHTML, like Gecko) Chrome/94.0.4606.61 Safari/537.36"
::1 - - [29/Sep/2021:03:47:03 +0000] "GET /manifest.json HTTP/1.1" 304 - "http://localhost:3000/?" "Mozilla/5.0 (Windows NT 10.0; Win64; x64) AppleWebKit/537.36 (KHTML, like Gecko) Chrome/94.0.4606.61 Safari/537.36"
::1 - - [29/Sep/2021:03:47:03 +0000] "GET /favicon.ico HTTP/1.1" 200 3870 "http://localhost:3000/?" "Mozilla/5.0 (Windows NT 10.0; Win64; x64) AppleWebKit/537.36 (KHTML, like Gecko) Chrome/94.0.4606.61 Safari/537.36"
::1 - - [29/Sep/2021:03:47:03 +0000] "GET /logo192.png HTTP/1.1" 304 - "http://localhost:3000/?" "Mozilla/5.0 (Windows NT 10.0; Win64; x64) AppleWebKit/537.36 (KHTML, like Gecko) Chrome/94.0.4606.61 Safari/537.36"
